2023-04-18 21:55:25,208:INFO:Initializing load_model()
2023-04-18 21:55:25,208:INFO:load_model(model_name=my_best_pipeline_cluster_kcn4, platform=None, authentication=None, verbose=True)
2023-04-18 21:55:49,819:INFO:Initializing load_model()
2023-04-18 21:55:49,819:INFO:load_model(model_name=my_best_pipeline_cluster_kcn4, platform=None, authentication=None, verbose=True)
2023-04-18 21:55:50,037:INFO:Initializing predict_model()
2023-04-18 21:55:50,038:INFO:predict_model(estimator=Pipeline(steps=[('dtypes',
                 DataTypes_Auto_infer(ml_usecase='classification',
                                      target='class')),
                ('imputer',
                 Simple_Imputer(categorical_strategy='not_available',
                                fill_value_categorical=None,
                                fill_value_numerical=None,
                                numeric_strategy='mean',
                                target_variable=None)),
                ('new_levels1',
                 New_Catagorical_Levels_in_TestData(replacement_strategy='least '
                                                                         'frequent',
                                                    targe...
                ('P_transform', 'passthrough'), ('binn', 'passthrough'),
                ('rem_outliers', 'passthrough'), ('cluster_all', 'passthrough'),
                ('dummy', Dummify(target='class')),
                ('fix_perfect', Remove_100(target='class')),
                ('clean_names', Clean_Colum_Names()),
                ('feature_select', 'passthrough'), ('fix_multi', 'passthrough'),
                ('dfs', 'passthrough'), ('pca', 'passthrough'),
                ['trained_model',
                 ExtraTreesClassifier(n_jobs=-1, random_state=2240)]]), probability_threshold=None, encoded_labels=False, drift_report=False, raw_score=False, round=4, verbose=True, ml_usecase=MLUsecase.CLASSIFICATION, display=None)
2023-04-18 21:55:50,040:INFO:Checking exceptions
2023-04-18 21:55:50,040:INFO:Preloading libraries
2023-04-18 21:55:50,276:INFO:Initializing predict_model()
2023-04-18 21:55:50,277:INFO:predict_model(estimator=Pipeline(steps=[('dtypes',
                 DataTypes_Auto_infer(ml_usecase='classification',
                                      target='class')),
                ('imputer',
                 Simple_Imputer(categorical_strategy='not_available',
                                fill_value_categorical=None,
                                fill_value_numerical=None,
                                numeric_strategy='mean',
                                target_variable=None)),
                ('new_levels1',
                 New_Catagorical_Levels_in_TestData(replacement_strategy='least '
                                                                         'frequent',
                                                    targe...
                ('P_transform', 'passthrough'), ('binn', 'passthrough'),
                ('rem_outliers', 'passthrough'), ('cluster_all', 'passthrough'),
                ('dummy', Dummify(target='class')),
                ('fix_perfect', Remove_100(target='class')),
                ('clean_names', Clean_Colum_Names()),
                ('feature_select', 'passthrough'), ('fix_multi', 'passthrough'),
                ('dfs', 'passthrough'), ('pca', 'passthrough'),
                ['trained_model',
                 ExtraTreesClassifier(n_jobs=-1, random_state=2240)]]), probability_threshold=None, encoded_labels=False, drift_report=False, raw_score=False, round=4, verbose=True, ml_usecase=MLUsecase.CLASSIFICATION, display=None)
2023-04-18 21:55:50,278:INFO:Checking exceptions
2023-04-18 21:55:50,279:INFO:Preloading libraries
2023-04-18 21:57:21,146:INFO:Initializing load_model()
2023-04-18 21:57:21,146:INFO:Initializing load_model()
2023-04-18 21:57:21,147:INFO:load_model(model_name=my_best_pipeline_cluster_kcn4, platform=None, authentication=None, verbose=True)
2023-04-18 21:57:21,148:INFO:load_model(model_name=my_best_pipeline_cluster_kcn4, platform=None, authentication=None, verbose=True)
2023-04-18 21:57:33,284:INFO:Initializing load_model()
2023-04-18 21:57:33,285:INFO:load_model(model_name=my_best_pipeline_cluster_kcn4, platform=None, authentication=None, verbose=True)
2023-04-18 21:57:33,493:INFO:Initializing predict_model()
2023-04-18 21:57:33,493:INFO:predict_model(estimator=Pipeline(steps=[('dtypes',
                 DataTypes_Auto_infer(ml_usecase='classification',
                                      target='class')),
                ('imputer',
                 Simple_Imputer(categorical_strategy='not_available',
                                fill_value_categorical=None,
                                fill_value_numerical=None,
                                numeric_strategy='mean',
                                target_variable=None)),
                ('new_levels1',
                 New_Catagorical_Levels_in_TestData(replacement_strategy='least '
                                                                         'frequent',
                                                    targe...
                ('P_transform', 'passthrough'), ('binn', 'passthrough'),
                ('rem_outliers', 'passthrough'), ('cluster_all', 'passthrough'),
                ('dummy', Dummify(target='class')),
                ('fix_perfect', Remove_100(target='class')),
                ('clean_names', Clean_Colum_Names()),
                ('feature_select', 'passthrough'), ('fix_multi', 'passthrough'),
                ('dfs', 'passthrough'), ('pca', 'passthrough'),
                ['trained_model',
                 ExtraTreesClassifier(n_jobs=-1, random_state=2240)]]), probability_threshold=None, encoded_labels=False, drift_report=False, raw_score=False, round=4, verbose=True, ml_usecase=MLUsecase.CLASSIFICATION, display=None)
2023-04-18 21:57:33,496:INFO:Checking exceptions
2023-04-18 21:57:33,496:INFO:Preloading libraries
2023-04-18 21:57:33,758:INFO:Initializing predict_model()
2023-04-18 21:57:33,758:INFO:predict_model(estimator=Pipeline(steps=[('dtypes',
                 DataTypes_Auto_infer(ml_usecase='classification',
                                      target='class')),
                ('imputer',
                 Simple_Imputer(categorical_strategy='not_available',
                                fill_value_categorical=None,
                                fill_value_numerical=None,
                                numeric_strategy='mean',
                                target_variable=None)),
                ('new_levels1',
                 New_Catagorical_Levels_in_TestData(replacement_strategy='least '
                                                                         'frequent',
                                                    targe...
                ('P_transform', 'passthrough'), ('binn', 'passthrough'),
                ('rem_outliers', 'passthrough'), ('cluster_all', 'passthrough'),
                ('dummy', Dummify(target='class')),
                ('fix_perfect', Remove_100(target='class')),
                ('clean_names', Clean_Colum_Names()),
                ('feature_select', 'passthrough'), ('fix_multi', 'passthrough'),
                ('dfs', 'passthrough'), ('pca', 'passthrough'),
                ['trained_model',
                 ExtraTreesClassifier(n_jobs=-1, random_state=2240)]]), probability_threshold=None, encoded_labels=False, drift_report=False, raw_score=False, round=4, verbose=True, ml_usecase=MLUsecase.CLASSIFICATION, display=None)
2023-04-18 21:57:33,760:INFO:Checking exceptions
2023-04-18 21:57:33,761:INFO:Preloading libraries
2023-04-18 22:03:18,550:INFO:Initializing load_model()
2023-04-18 22:03:18,550:INFO:Initializing load_model()
2023-04-18 22:03:18,550:INFO:load_model(model_name=my_best_pipeline_cluster_kcn4, platform=None, authentication=None, verbose=True)
2023-04-18 22:03:18,552:INFO:load_model(model_name=my_best_pipeline_cluster_kcn4, platform=None, authentication=None, verbose=True)
2023-04-18 22:03:55,475:INFO:Initializing load_model()
2023-04-18 22:03:55,477:INFO:load_model(model_name=my_best_pipeline_cluster_kcn4, platform=None, authentication=None, verbose=True)
2023-04-18 22:04:04,173:INFO:Initializing load_model()
2023-04-18 22:04:04,174:INFO:load_model(model_name=my_best_pipeline_cluster_kcn4, platform=None, authentication=None, verbose=True)
2023-04-18 22:04:05,372:INFO:Initializing load_model()
2023-04-18 22:04:05,372:INFO:load_model(model_name=my_best_pipeline_cluster_kcn4, platform=None, authentication=None, verbose=True)
2023-04-18 22:04:05,585:INFO:Initializing predict_model()
2023-04-18 22:04:05,586:INFO:predict_model(estimator=Pipeline(steps=[('dtypes',
                 DataTypes_Auto_infer(ml_usecase='classification',
                                      target='class')),
                ('imputer',
                 Simple_Imputer(categorical_strategy='not_available',
                                fill_value_categorical=None,
                                fill_value_numerical=None,
                                numeric_strategy='mean',
                                target_variable=None)),
                ('new_levels1',
                 New_Catagorical_Levels_in_TestData(replacement_strategy='least '
                                                                         'frequent',
                                                    targe...
                ('P_transform', 'passthrough'), ('binn', 'passthrough'),
                ('rem_outliers', 'passthrough'), ('cluster_all', 'passthrough'),
                ('dummy', Dummify(target='class')),
                ('fix_perfect', Remove_100(target='class')),
                ('clean_names', Clean_Colum_Names()),
                ('feature_select', 'passthrough'), ('fix_multi', 'passthrough'),
                ('dfs', 'passthrough'), ('pca', 'passthrough'),
                ['trained_model',
                 ExtraTreesClassifier(n_jobs=-1, random_state=2240)]]), probability_threshold=None, encoded_labels=False, drift_report=False, raw_score=False, round=4, verbose=True, ml_usecase=MLUsecase.CLASSIFICATION, display=None)
2023-04-18 22:04:05,587:INFO:Checking exceptions
2023-04-18 22:04:05,589:INFO:Preloading libraries
2023-04-18 22:04:05,829:INFO:Initializing predict_model()
2023-04-18 22:04:05,829:INFO:predict_model(estimator=Pipeline(steps=[('dtypes',
                 DataTypes_Auto_infer(ml_usecase='classification',
                                      target='class')),
                ('imputer',
                 Simple_Imputer(categorical_strategy='not_available',
                                fill_value_categorical=None,
                                fill_value_numerical=None,
                                numeric_strategy='mean',
                                target_variable=None)),
                ('new_levels1',
                 New_Catagorical_Levels_in_TestData(replacement_strategy='least '
                                                                         'frequent',
                                                    targe...
                ('P_transform', 'passthrough'), ('binn', 'passthrough'),
                ('rem_outliers', 'passthrough'), ('cluster_all', 'passthrough'),
                ('dummy', Dummify(target='class')),
                ('fix_perfect', Remove_100(target='class')),
                ('clean_names', Clean_Colum_Names()),
                ('feature_select', 'passthrough'), ('fix_multi', 'passthrough'),
                ('dfs', 'passthrough'), ('pca', 'passthrough'),
                ['trained_model',
                 ExtraTreesClassifier(n_jobs=-1, random_state=2240)]]), probability_threshold=None, encoded_labels=False, drift_report=False, raw_score=False, round=4, verbose=True, ml_usecase=MLUsecase.CLASSIFICATION, display=None)
2023-04-18 22:04:05,831:INFO:Checking exceptions
2023-04-18 22:04:05,831:INFO:Preloading libraries
2023-04-18 22:04:15,760:INFO:Initializing load_model()
2023-04-18 22:04:15,761:INFO:load_model(model_name=my_best_pipeline_cluster_kcn4, platform=None, authentication=None, verbose=True)
2023-04-18 22:04:15,976:INFO:Initializing predict_model()
2023-04-18 22:04:15,976:INFO:predict_model(estimator=Pipeline(steps=[('dtypes',
                 DataTypes_Auto_infer(ml_usecase='classification',
                                      target='class')),
                ('imputer',
                 Simple_Imputer(categorical_strategy='not_available',
                                fill_value_categorical=None,
                                fill_value_numerical=None,
                                numeric_strategy='mean',
                                target_variable=None)),
                ('new_levels1',
                 New_Catagorical_Levels_in_TestData(replacement_strategy='least '
                                                                         'frequent',
                                                    targe...
                ('P_transform', 'passthrough'), ('binn', 'passthrough'),
                ('rem_outliers', 'passthrough'), ('cluster_all', 'passthrough'),
                ('dummy', Dummify(target='class')),
                ('fix_perfect', Remove_100(target='class')),
                ('clean_names', Clean_Colum_Names()),
                ('feature_select', 'passthrough'), ('fix_multi', 'passthrough'),
                ('dfs', 'passthrough'), ('pca', 'passthrough'),
                ['trained_model',
                 ExtraTreesClassifier(n_jobs=-1, random_state=2240)]]), probability_threshold=None, encoded_labels=False, drift_report=False, raw_score=False, round=4, verbose=True, ml_usecase=MLUsecase.CLASSIFICATION, display=None)
2023-04-18 22:04:15,977:INFO:Checking exceptions
2023-04-18 22:04:15,978:INFO:Preloading libraries
2023-04-18 22:04:16,229:INFO:Initializing predict_model()
2023-04-18 22:04:16,229:INFO:predict_model(estimator=Pipeline(steps=[('dtypes',
                 DataTypes_Auto_infer(ml_usecase='classification',
                                      target='class')),
                ('imputer',
                 Simple_Imputer(categorical_strategy='not_available',
                                fill_value_categorical=None,
                                fill_value_numerical=None,
                                numeric_strategy='mean',
                                target_variable=None)),
                ('new_levels1',
                 New_Catagorical_Levels_in_TestData(replacement_strategy='least '
                                                                         'frequent',
                                                    targe...
                ('P_transform', 'passthrough'), ('binn', 'passthrough'),
                ('rem_outliers', 'passthrough'), ('cluster_all', 'passthrough'),
                ('dummy', Dummify(target='class')),
                ('fix_perfect', Remove_100(target='class')),
                ('clean_names', Clean_Colum_Names()),
                ('feature_select', 'passthrough'), ('fix_multi', 'passthrough'),
                ('dfs', 'passthrough'), ('pca', 'passthrough'),
                ['trained_model',
                 ExtraTreesClassifier(n_jobs=-1, random_state=2240)]]), probability_threshold=None, encoded_labels=False, drift_report=False, raw_score=False, round=4, verbose=True, ml_usecase=MLUsecase.CLASSIFICATION, display=None)
2023-04-18 22:04:16,231:INFO:Checking exceptions
2023-04-18 22:04:16,231:INFO:Preloading libraries
